app/build/intermediates/manifest_merge_blame_file/release/manifest-merger-blame-release-report.txt
1<?xml version="1.0" encoding="utf-8"?>
2<manifest xmlns:android="http://schemas.android.com/apk/res/android"
3    package="com.jobamax.appjobamax"
4    android:versionCode="12"
5    android:versionName="2.0" >
6
7    <uses-sdk
8        android:minSdkVersion="21"
8-->src\main\AndroidManifest.xml
9        android:targetSdkVersion="32" />
9-->src\main\AndroidManifest.xml
10
11    <uses-permission android:name="android.permission.ACCESS_FINE_LOCATION" />
11-->src\main\AndroidManifest.xml:6:5-79
11-->src\main\AndroidManifest.xml:6:22-76
12    <uses-permission android:name="android.permission.INTERNET" />
12-->src\main\AndroidManifest.xml:7:5-67
12-->src\main\AndroidManifest.xml:7:22-64
13    <uses-permission android:name="android.permission.ACCESS_NETWORK_STATE" />
13-->src\main\AndroidManifest.xml:8:5-79
13-->src\main\AndroidManifest.xml:8:22-76
14    <uses-permission android:name="android.permission.ACCESS_COARSE_LOCATION" />
14-->src\main\AndroidManifest.xml:9:5-81
14-->src\main\AndroidManifest.xml:9:22-78
15    <uses-permission android:name="android.permission.ACCESS_BACKGROUND_LOCATION" />
15-->src\main\AndroidManifest.xml:10:5-85
15-->src\main\AndroidManifest.xml:10:22-82
16    <uses-permission android:name="android.permission.READ_EXTERNAL_STORAGE" />
16-->src\main\AndroidManifest.xml:11:5-80
16-->src\main\AndroidManifest.xml:11:22-77
17    <uses-permission android:name="android.permission.SCHEDULE_EXACT_ALARM" />
17-->src\main\AndroidManifest.xml:12:5-79
17-->src\main\AndroidManifest.xml:12:22-76
18    <uses-permission android:name="android.permission.WRITE_EXTERNAL_STORAGE" />
18-->src\main\AndroidManifest.xml:13:5-81
18-->src\main\AndroidManifest.xml:13:22-78
19    <uses-permission android:name="android.permission.WRITE_INTERNAL_STORAGE" />
19-->src\main\AndroidManifest.xml:14:5-81
19-->src\main\AndroidManifest.xml:14:22-78
20    <uses-permission android:name="android.permission.CAMERA" />
20-->src\main\AndroidManifest.xml:15:5-65
20-->src\main\AndroidManifest.xml:15:22-62
21    <uses-permission android:name="com.google.android.c2dm.permission.RECEIVE" />
21-->src\main\AndroidManifest.xml:16:5-82
21-->src\main\AndroidManifest.xml:16:22-79
22    <uses-permission android:name="android.permission.RECORD_AUDIO" />
22-->src\main\AndroidManifest.xml:17:5-71
22-->src\main\AndroidManifest.xml:17:22-68
23    <uses-permission android:name="android.permission.MODIFY_AUDIO_SETTINGS" />
23-->src\main\AndroidManifest.xml:18:5-80
23-->src\main\AndroidManifest.xml:18:22-77
24    <uses-permission android:name="android.permission.RECEIVE_BOOT_COMPLETED" />
24-->src\main\AndroidManifest.xml:19:5-81
24-->src\main\AndroidManifest.xml:19:22-78
25
26    <uses-feature android:name="android.hardware.camera.autofocus" />
26-->src\main\AndroidManifest.xml:21:5-70
26-->src\main\AndroidManifest.xml:21:19-67
27
28    <uses-permission android:name="android.permission.ACCESS_WIFI_STATE" />
28-->[com.google.android.libraries.places:places:2.6.0] AndroidManifest.xml:10:5-76
28-->[com.google.android.libraries.places:places:2.6.0] AndroidManifest.xml:10:22-73
29    <uses-permission android:name="android.permission.WAKE_LOCK" /> <!-- Vibration in push notification -->
29-->[com.google.firebase:firebase-messaging:23.0.4] AndroidManifest.xml:26:5-68
29-->[com.google.firebase:firebase-messaging:23.0.4] AndroidManifest.xml:26:22-65
30    <uses-permission android:name="android.permission.VIBRATE" />
30-->[com.pushwoosh:pushwoosh:6.3.4] AndroidManifest.xml:19:5-66
30-->[com.pushwoosh:pushwoosh:6.3.4] AndroidManifest.xml:19:22-63
31
32    <queries>
32-->[com.pushwoosh:pushwoosh:6.3.4] AndroidManifest.xml:22:5-37:15
33        <intent>
33-->[com.pushwoosh:pushwoosh:6.3.4] AndroidManifest.xml:23:9-29:18
34            <action android:name="android.intent.action.VIEW" />
34-->src\main\AndroidManifest.xml:113:17-69
34-->src\main\AndroidManifest.xml:113:25-66
35
36            <category android:name="android.intent.category.BROWSABLE" />
36-->src\main\AndroidManifest.xml:116:17-78
36-->src\main\AndroidManifest.xml:116:27-75
37
38            <data android:scheme="https" />
38-->src\main\AndroidManifest.xml:118:17-121:46
38-->src\main\AndroidManifest.xml:121:21-43
39        </intent>
40        <intent>
40-->[com.pushwoosh:pushwoosh:6.3.4] AndroidManifest.xml:30:9-36:18
41            <action android:name="android.intent.action.VIEW" />
41-->src\main\AndroidManifest.xml:113:17-69
41-->src\main\AndroidManifest.xml:113:25-66
42
43            <category android:name="android.intent.category.BROWSABLE" />
43-->src\main\AndroidManifest.xml:116:17-78
43-->src\main\AndroidManifest.xml:116:27-75
44
45            <data android:scheme="http" />
45-->src\main\AndroidManifest.xml:118:17-121:46
45-->src\main\AndroidManifest.xml:121:21-43
46        </intent>
47        <!-- Needs to be explicitly declared on Android R+ -->
48        <package android:name="com.google.android.apps.maps" />
48-->[com.google.android.gms:play-services-maps:18.0.2] AndroidManifest.xml:33:9-64
48-->[com.google.android.gms:play-services-maps:18.0.2] AndroidManifest.xml:33:18-61
49    </queries>
50
51    <uses-feature
51-->[com.google.android.gms:play-services-maps:18.0.2] AndroidManifest.xml:26:5-28:35
52        android:glEsVersion="0x00020000"
52-->[com.google.android.gms:play-services-maps:18.0.2] AndroidManifest.xml:27:9-41
53        android:required="true" />
53-->[com.google.android.gms:play-services-maps:18.0.2] AndroidManifest.xml:28:9-32
54
55    <uses-permission android:name="com.google.android.finsky.permission.BIND_GET_INSTALL_REFERRER_SERVICE" />
55-->[com.google.android.gms:play-services-measurement:20.1.2] AndroidManifest.xml:26:5-110
55-->[com.google.android.gms:play-services-measurement:20.1.2] AndroidManifest.xml:26:22-107
56    <uses-permission android:name="com.google.android.gms.permission.AD_ID" />
56-->[com.google.android.gms:play-services-measurement-impl:20.1.2] AndroidManifest.xml:27:5-79
56-->[com.google.android.gms:play-services-measurement-impl:20.1.2] AndroidManifest.xml:27:22-76
57    <uses-permission android:name="android.permission.FOREGROUND_SERVICE" />
57-->[androidx.work:work-runtime:2.7.1] AndroidManifest.xml:28:5-77
57-->[androidx.work:work-runtime:2.7.1] AndroidManifest.xml:28:22-74
58    <uses-permission android:name="com.android.vending.BILLING" />
58-->[com.android.billingclient:billing-ktx:4.1.0] AndroidManifest.xml:9:5-67
58-->[com.android.billingclient:billing-ktx:4.1.0] AndroidManifest.xml:9:22-64
59
60    <application
60-->src\main\AndroidManifest.xml:23:5-195:19
61        android:name="com.jobamax.appjobamax.BaseApplication"
61-->src\main\AndroidManifest.xml:24:9-62
62        android:allowBackup="false"
62-->src\main\AndroidManifest.xml:25:9-36
63        android:appComponentFactory="androidx.core.app.CoreComponentFactory"
63-->[androidx.core:core:1.7.0] AndroidManifest.xml:24:18-86
64        android:extractNativeLibs="true"
64-->src\main\AndroidManifest.xml:26:9-41
65        android:icon="@mipmap/ic_launcher"
65-->src\main\AndroidManifest.xml:27:9-43
66        android:label="@string/app_name"
66-->src\main\AndroidManifest.xml:28:9-41
67        android:roundIcon="@mipmap/ic_launcher_round"
67-->src\main\AndroidManifest.xml:29:9-54
68        android:supportsRtl="true"
68-->src\main\AndroidManifest.xml:30:9-35
69        android:theme="@style/AppTheme" >
69-->src\main\AndroidManifest.xml:31:9-40
70        <activity
70-->src\main\AndroidManifest.xml:33:9-37:40
71            android:name="com.jobamax.appjobamax.jobseeker.jobsearch.SeekerJobSearchActivity"
71-->src\main\AndroidManifest.xml:34:13-94
72            android:exported="false"
72-->src\main\AndroidManifest.xml:37:13-37
73            android:screenOrientation="portrait"
73-->src\main\AndroidManifest.xml:36:13-49
74            android:windowSoftInputMode="adjustPan" />
74-->src\main\AndroidManifest.xml:35:13-52
75        <activity
75-->src\main\AndroidManifest.xml:39:9-43:40
76            android:name="com.jobamax.appjobamax.jobseeker.jobsearch.SeekerJobWebActivity"
76-->src\main\AndroidManifest.xml:40:13-91
77            android:exported="false"
77-->src\main\AndroidManifest.xml:43:13-37
78            android:screenOrientation="portrait"
78-->src\main\AndroidManifest.xml:42:13-49
79            android:windowSoftInputMode="adjustPan" />
79-->src\main\AndroidManifest.xml:41:13-52
80        <activity
80-->src\main\AndroidManifest.xml:45:9-47:40
81            android:name="com.jobamax.appjobamax.jobseeker.profile.VideoPlayActivity"
81-->src\main\AndroidManifest.xml:46:13-86
82            android:exported="false" />
82-->src\main\AndroidManifest.xml:47:13-37
83        <activity
83-->src\main\AndroidManifest.xml:49:10-58:20
84            android:name="com.jobamax.appjobamax.SplashActivity"
84-->src\main\AndroidManifest.xml:50:13-65
85            android:exported="true"
85-->src\main\AndroidManifest.xml:51:13-36
86            android:screenOrientation="portrait" >
86-->src\main\AndroidManifest.xml:52:13-49
87            <intent-filter>
87-->src\main\AndroidManifest.xml:53:13-57:29
88                <action android:name="android.intent.action.MAIN" />
88-->src\main\AndroidManifest.xml:54:17-69
88-->src\main\AndroidManifest.xml:54:25-66
89
90                <category android:name="android.intent.category.LAUNCHER" />
90-->src\main\AndroidManifest.xml:56:17-77
90-->src\main\AndroidManifest.xml:56:27-74
91            </intent-filter>
92        </activity>
93        <activity
93-->src\main\AndroidManifest.xml:60:9-64:58
94            android:name="com.jobamax.appjobamax.LicenseActivity"
94-->src\main\AndroidManifest.xml:61:13-66
95            android:exported="false"
95-->src\main\AndroidManifest.xml:62:13-37
96            android:screenOrientation="portrait"
96-->src\main\AndroidManifest.xml:63:13-49
97            android:windowSoftInputMode="adjustResize" />
97-->src\main\AndroidManifest.xml:64:13-55
98        <activity
98-->src\main\AndroidManifest.xml:65:9-69:58
99            android:name="com.jobamax.appjobamax.PrivacyPreferenceActivity"
99-->src\main\AndroidManifest.xml:66:13-76
100            android:exported="false"
100-->src\main\AndroidManifest.xml:67:13-37
101            android:screenOrientation="portrait"
101-->src\main\AndroidManifest.xml:68:13-49
102            android:windowSoftInputMode="adjustResize" />
102-->src\main\AndroidManifest.xml:69:13-55
103        <activity
103-->src\main\AndroidManifest.xml:71:9-75:58
104            android:name="com.jobamax.appjobamax.jobseeker.profile.account.password.JobSeekerPasswordActivity"
104-->src\main\AndroidManifest.xml:72:13-111
105            android:exported="false"
105-->src\main\AndroidManifest.xml:73:13-37
106            android:screenOrientation="portrait"
106-->src\main\AndroidManifest.xml:74:13-49
107            android:windowSoftInputMode="adjustResize" />
107-->src\main\AndroidManifest.xml:75:13-55
108        <activity
108-->src\main\AndroidManifest.xml:77:9-82:58
109            android:name="com.jobamax.appjobamax.MapsActivity"
109-->src\main\AndroidManifest.xml:78:13-63
110            android:exported="false"
110-->src\main\AndroidManifest.xml:79:13-37
111            android:label="@string/title_activity_maps"
111-->src\main\AndroidManifest.xml:80:13-56
112            android:screenOrientation="portrait"
112-->src\main\AndroidManifest.xml:81:13-49
113            android:windowSoftInputMode="adjustResize" />
113-->src\main\AndroidManifest.xml:82:13-55
114        <activity
114-->src\main\AndroidManifest.xml:83:9-87:58
115            android:name="com.jobamax.appjobamax.WebViewActivity"
115-->src\main\AndroidManifest.xml:84:13-66
116            android:exported="false"
116-->src\main\AndroidManifest.xml:85:13-37
117            android:screenOrientation="portrait"
117-->src\main\AndroidManifest.xml:86:13-49
118            android:windowSoftInputMode="adjustResize" />
118-->src\main\AndroidManifest.xml:87:13-55
119        <activity
119-->src\main\AndroidManifest.xml:89:9-93:58
120            android:name="com.jobamax.appjobamax.jobseeker.profile.account.personalInfo.JobSeekerPersonalIntroInfoActivity"
120-->src\main\AndroidManifest.xml:90:13-124
121            android:exported="false"
121-->src\main\AndroidManifest.xml:91:13-37
122            android:screenOrientation="portrait"
122-->src\main\AndroidManifest.xml:92:13-49
123            android:windowSoftInputMode="adjustResize" />
123-->src\main\AndroidManifest.xml:93:13-55
124        <activity
124-->src\main\AndroidManifest.xml:95:10-99:58
125            android:name="com.jobamax.appjobamax.login.LoginActivity"
125-->src\main\AndroidManifest.xml:96:13-70
126            android:exported="false"
126-->src\main\AndroidManifest.xml:97:13-37
127            android:screenOrientation="portrait"
127-->src\main\AndroidManifest.xml:98:13-49
128            android:windowSoftInputMode="adjustResize" />
128-->src\main\AndroidManifest.xml:99:13-55
129        <activity
129-->src\main\AndroidManifest.xml:101:9-105:55
130            android:name="com.jobamax.appjobamax.jobseeker.home.JobSeekerHomeActivity"
130-->src\main\AndroidManifest.xml:102:13-87
131            android:exported="false"
131-->src\main\AndroidManifest.xml:103:13-37
132            android:screenOrientation="portrait"
132-->src\main\AndroidManifest.xml:104:13-49
133            android:windowSoftInputMode="adjustPan" />
133-->src\main\AndroidManifest.xml:105:13-52
134        <activity
134-->src\main\AndroidManifest.xml:107:9-124:20
135            android:name="com.jobamax.appjobamax.MainActivity"
135-->src\main\AndroidManifest.xml:108:13-63
136            android:exported="true"
136-->src\main\AndroidManifest.xml:109:13-36
137            android:screenOrientation="portrait" >
137-->src\main\AndroidManifest.xml:110:13-49
138            <intent-filter>
138-->src\main\AndroidManifest.xml:112:13-123:29
139                <action android:name="android.intent.action.VIEW" />
139-->src\main\AndroidManifest.xml:113:17-69
139-->src\main\AndroidManifest.xml:113:25-66
140
141                <category android:name="android.intent.category.DEFAULT" />
141-->src\main\AndroidManifest.xml:115:17-76
141-->src\main\AndroidManifest.xml:115:27-73
142                <category android:name="android.intent.category.BROWSABLE" />
142-->src\main\AndroidManifest.xml:116:17-78
142-->src\main\AndroidManifest.xml:116:27-75
143
144                <data
144-->src\main\AndroidManifest.xml:118:17-121:46
145                    android:host="jobamax.page.link"
145-->src\main\AndroidManifest.xml:119:21-53
146                    android:path="/verifyemail"
146-->src\main\AndroidManifest.xml:120:21-48
147                    android:scheme="https" />
147-->src\main\AndroidManifest.xml:121:21-43
148                <data android:scheme="http" />
148-->src\main\AndroidManifest.xml:118:17-121:46
148-->src\main\AndroidManifest.xml:121:21-43
149            </intent-filter>
150        </activity>
151        <activity
151-->src\main\AndroidManifest.xml:125:9-130:58
152            android:name="com.jobamax.appjobamax.cropper.CropImageActivity"
152-->src\main\AndroidManifest.xml:126:13-76
153            android:exported="false"
153-->src\main\AndroidManifest.xml:127:13-37
154            android:screenOrientation="portrait"
154-->src\main\AndroidManifest.xml:128:13-49
155            android:theme="@style/Base.Theme.AppCompat"
155-->src\main\AndroidManifest.xml:129:13-56
156            android:windowSoftInputMode="adjustResize" />
156-->src\main\AndroidManifest.xml:130:13-55
157
158        <meta-data
158-->src\main\AndroidManifest.xml:132:9-134:55
159            android:name="com.google.android.geo.API_KEY"
159-->src\main\AndroidManifest.xml:133:13-58
160            android:value="@string/google_maps_key" />
160-->src\main\AndroidManifest.xml:134:13-52
161        <meta-data
161-->src\main\AndroidManifest.xml:135:9-137:59
162            android:name="com.parse.SERVER_URL"
162-->src\main\AndroidManifest.xml:136:13-48
163            android:value="@string/back4app_server_url" />
163-->src\main\AndroidManifest.xml:137:13-56
164        <meta-data
164-->src\main\AndroidManifest.xml:138:9-140:55
165            android:name="com.facebook.sdk.ApplicationId"
165-->src\main\AndroidManifest.xml:139:13-58
166            android:value="@string/facebook_app_id" />
166-->src\main\AndroidManifest.xml:140:13-52
167        <meta-data
167-->src\main\AndroidManifest.xml:141:9-143:55
168            android:name="com.parse.APPLICATION_ID"
168-->src\main\AndroidManifest.xml:142:13-52
169            android:value="@string/back4app_app_id" />
169-->src\main\AndroidManifest.xml:143:13-52
170        <meta-data
170-->src\main\AndroidManifest.xml:144:9-146:59
171            android:name="com.parse.CLIENT_KEY"
171-->src\main\AndroidManifest.xml:145:13-48
172            android:value="@string/back4app_client_key" /> <!-- don't forget to put your Facebook App ID in the following link -->
172-->src\main\AndroidManifest.xml:146:13-56
173        <meta-data
173-->src\main\AndroidManifest.xml:147:9-149:54
174            android:name="com.google.firebase.messaging.default_notification_icon"
174-->src\main\AndroidManifest.xml:148:13-83
175            android:resource="@mipmap/ic_launcher" />
175-->src\main\AndroidManifest.xml:149:13-51
176        <meta-data
176-->src\main\AndroidManifest.xml:150:9-152:47
177            android:name="com.parse.push.gcm_sender_id"
177-->src\main\AndroidManifest.xml:151:13-56
178            android:value="id:916226274147" />
178-->src\main\AndroidManifest.xml:152:13-44
179
180        <provider
180-->src\main\AndroidManifest.xml:155:9-163:20
181            android:name="androidx.core.content.FileProvider"
181-->src\main\AndroidManifest.xml:156:13-62
182            android:authorities="com.jobamax.appjobamax.provider"
182-->src\main\AndroidManifest.xml:157:13-66
183            android:exported="false"
183-->src\main\AndroidManifest.xml:158:13-37
184            android:grantUriPermissions="true" >
184-->src\main\AndroidManifest.xml:159:13-47
185            <meta-data
185-->src\main\AndroidManifest.xml:160:13-162:58
186                android:name="android.support.FILE_PROVIDER_PATHS"
186-->src\main\AndroidManifest.xml:161:17-67
187                android:resource="@xml/provider_paths" />
187-->src\main\AndroidManifest.xml:162:17-55
188        </provider> <!-- FB Dev -->
189
190        <meta-data
190-->src\main\AndroidManifest.xml:165:9-167:56
191            android:name="com.pushwoosh.appid"
191-->src\main\AndroidManifest.xml:166:13-47
192            android:value="@string/pushwoosh_app_id" />
192-->src\main\AndroidManifest.xml:167:13-53
193        <meta-data
193-->src\main\AndroidManifest.xml:168:9-170:53
194            android:name="com.pushwoosh.senderid"
194-->src\main\AndroidManifest.xml:169:13-50
195            android:value="@string/fcm_sender_id" />
195-->src\main\AndroidManifest.xml:170:13-50
196
197        <service
197-->src\main\AndroidManifest.xml:172:9-178:19
198            android:name="com.jobamax.appjobamax.services.FirebaseMessageService"
198-->src\main\AndroidManifest.xml:173:13-82
199            android:exported="true" >
199-->src\main\AndroidManifest.xml:174:13-36
200            <intent-filter>
200-->src\main\AndroidManifest.xml:175:13-177:29
201                <action android:name="com.google.firebase.MESSAGING_EVENT" />
201-->src\main\AndroidManifest.xml:176:17-78
201-->src\main\AndroidManifest.xml:176:25-75
202            </intent-filter>
203        </service>
204        <service
204-->src\main\AndroidManifest.xml:180:9-184:43
205            android:name="com.jobamax.appjobamax.services.LocationService"
205-->src\main\AndroidManifest.xml:181:13-75
206            android:enabled="true"
206-->src\main\AndroidManifest.xml:182:13-35
207            android:exported="true"
207-->src\main\AndroidManifest.xml:183:13-36
208            android:stopWithTask="true" />
208-->src\main\AndroidManifest.xml:184:13-40
209
210        <receiver
210-->src\main\AndroidManifest.xml:186:9-194:20
211            android:name="com.parse.ParsePushBroadcastReceiver"
211-->src\main\AndroidManifest.xml:187:13-64
212            android:exported="false" >
212-->src\main\AndroidManifest.xml:188:13-37
213            <intent-filter>
213-->src\main\AndroidManifest.xml:189:13-193:29
214                <action android:name="com.parse.push.intent.RECEIVE" />
214-->src\main\AndroidManifest.xml:190:17-72
214-->src\main\AndroidManifest.xml:190:25-69
215                <action android:name="com.parse.push.intent.OPEN" />
215-->src\main\AndroidManifest.xml:191:17-69
215-->src\main\AndroidManifest.xml:191:25-66
216                <action android:name="com.parse.push.intent.DELETE" />
216-->src\main\AndroidManifest.xml:192:17-71
216-->src\main\AndroidManifest.xml:192:25-68
217            </intent-filter>
218        </receiver>
219
220        <provider
220-->[com.squareup.picasso:picasso:2.71828] AndroidManifest.xml:8:9-11:40
221            android:name="com.squareup.picasso.PicassoProvider"
221-->[com.squareup.picasso:picasso:2.71828] AndroidManifest.xml:9:13-64
222            android:authorities="com.jobamax.appjobamax.com.squareup.picasso"
222-->[com.squareup.picasso:picasso:2.71828] AndroidManifest.xml:10:13-72
223            android:exported="false" />
223-->[com.squareup.picasso:picasso:2.71828] AndroidManifest.xml:11:13-37
224
225        <activity
225-->[com.google.android.libraries.places:places:2.6.0] AndroidManifest.xml:14:9-20:20
226            android:name="com.google.android.libraries.places.widget.AutocompleteActivity"
226-->[com.google.android.libraries.places:places:2.6.0] AndroidManifest.xml:15:13-91
227            android:exported="false"
227-->[com.google.android.libraries.places:places:2.6.0] AndroidManifest.xml:16:13-37
228            android:label="@string/places_autocomplete_label"
228-->[com.google.android.libraries.places:places:2.6.0] AndroidManifest.xml:17:13-62
229            android:theme="@style/PlacesAutocompleteOverlay"
229-->[com.google.android.libraries.places:places:2.6.0] AndroidManifest.xml:18:13-61
230            android:windowSoftInputMode="adjustResize" >
230-->[com.google.android.libraries.places:places:2.6.0] AndroidManifest.xml:19:13-55
231        </activity>
232
233        <service
233-->[com.google.firebase:firebase-crashlytics-ktx:18.2.9] AndroidManifest.xml:24:9-30:19
234            android:name="com.google.firebase.components.ComponentDiscoveryService"
234-->[com.google.firebase:firebase-crashlytics-ktx:18.2.9] AndroidManifest.xml:25:13-84
235            android:directBootAware="true"
235-->[com.google.firebase:firebase-common:20.1.1] AndroidManifest.xml:35:13-43
236            android:exported="false" >
236-->[com.google.firebase:firebase-crashlytics-ktx:18.2.9] AndroidManifest.xml:26:13-37
237            <meta-data
237-->[com.google.firebase:firebase-crashlytics-ktx:18.2.9] AndroidManifest.xml:27:13-29:85
238                android:name="com.google.firebase.components:com.google.firebase.crashlytics.ktx.FirebaseCrashlyticsKtxRegistrar"
238-->[com.google.firebase:firebase-crashlytics-ktx:18.2.9] AndroidManifest.xml:28:17-130
239                android:value="com.google.firebase.components.ComponentRegistrar" />
239-->[com.google.firebase:firebase-crashlytics-ktx:18.2.9] AndroidManifest.xml:29:17-82
240            <meta-data
240-->[com.google.firebase:firebase-analytics-ktx:20.1.2] AndroidManifest.xml:11:13-13:85
241                android:name="com.google.firebase.components:com.google.firebase.analytics.ktx.FirebaseAnalyticsKtxRegistrar"
241-->[com.google.firebase:firebase-analytics-ktx:20.1.2] AndroidManifest.xml:12:17-126
242                android:value="com.google.firebase.components.ComponentRegistrar" />
242-->[com.google.firebase:firebase-analytics-ktx:20.1.2] AndroidManifest.xml:13:17-82
243            <meta-data
243-->[com.google.firebase:firebase-auth:21.0.3] AndroidManifest.xml:67:13-69:85
244                android:name="com.google.firebase.components:com.google.firebase.auth.FirebaseAuthRegistrar"
244-->[com.google.firebase:firebase-auth:21.0.3] AndroidManifest.xml:68:17-109
245                android:value="com.google.firebase.components.ComponentRegistrar" />
245-->[com.google.firebase:firebase-auth:21.0.3] AndroidManifest.xml:69:17-82
246            <meta-data
246-->[com.google.firebase:firebase-dynamic-links-ktx:21.0.1] AndroidManifest.xml:28:13-30:85
247                android:name="com.google.firebase.components:com.google.firebase.dynamiclinks.ktx.FirebaseDynamicLinksKtxRegistrar"
247-->[com.google.firebase:firebase-dynamic-links-ktx:21.0.1] AndroidManifest.xml:29:17-132
248                android:value="com.google.firebase.components.ComponentRegistrar" />
248-->[com.google.firebase:firebase-dynamic-links-ktx:21.0.1] AndroidManifest.xml:30:17-82
249            <meta-data
249-->[com.google.firebase:firebase-messaging:23.0.4] AndroidManifest.xml:55:13-57:85
250                android:name="com.google.firebase.components:com.google.firebase.messaging.FirebaseMessagingRegistrar"
250-->[com.google.firebase:firebase-messaging:23.0.4] AndroidManifest.xml:56:17-119
251                android:value="com.google.firebase.components.ComponentRegistrar" />
251-->[com.google.firebase:firebase-messaging:23.0.4] AndroidManifest.xml:57:17-82
252            <meta-data
252-->[com.google.firebase:firebase-storage-ktx:20.0.1] AndroidManifest.xml:15:13-17:85
253                android:name="com.google.firebase.components:com.google.firebase.storage.ktx.FirebaseStorageKtxRegistrar"
253-->[com.google.firebase:firebase-storage-ktx:20.0.1] AndroidManifest.xml:16:17-122
254                android:value="com.google.firebase.components.ComponentRegistrar" />
254-->[com.google.firebase:firebase-storage-ktx:20.0.1] AndroidManifest.xml:17:17-82
255            <meta-data
255-->[com.google.firebase:firebase-database-ktx:20.0.5] AndroidManifest.xml:15:13-17:85
256                android:name="com.google.firebase.components:com.google.firebase.database.ktx.FirebaseDatabaseKtxRegistrar"
256-->[com.google.firebase:firebase-database-ktx:20.0.5] AndroidManifest.xml:16:17-124
257                android:value="com.google.firebase.components.ComponentRegistrar" />
257-->[com.google.firebase:firebase-database-ktx:20.0.5] AndroidManifest.xml:17:17-82
258            <meta-data
258-->[com.google.firebase:firebase-storage:20.0.1] AndroidManifest.xml:33:13-35:85
259                android:name="com.google.firebase.components:com.google.firebase.storage.StorageRegistrar"
259-->[com.google.firebase:firebase-storage:20.0.1] AndroidManifest.xml:34:17-107
260                android:value="com.google.firebase.components.ComponentRegistrar" />
260-->[com.google.firebase:firebase-storage:20.0.1] AndroidManifest.xml:35:17-82
261            <meta-data
261-->[com.google.firebase:firebase-database:20.0.5] AndroidManifest.xml:32:13-34:85
262                android:name="com.google.firebase.components:com.google.firebase.database.DatabaseRegistrar"
262-->[com.google.firebase:firebase-database:20.0.5] AndroidManifest.xml:33:17-109
263                android:value="com.google.firebase.components.ComponentRegistrar" />
263-->[com.google.firebase:firebase-database:20.0.5] AndroidManifest.xml:34:17-82
264            <meta-data
264-->[com.google.firebase:firebase-dynamic-links:21.0.1] AndroidManifest.xml:27:13-29:85
265                android:name="com.google.firebase.components:com.google.firebase.dynamiclinks.internal.FirebaseDynamicLinkRegistrar"
265-->[com.google.firebase:firebase-dynamic-links:21.0.1] AndroidManifest.xml:28:17-133
266                android:value="com.google.firebase.components.ComponentRegistrar" />
266-->[com.google.firebase:firebase-dynamic-links:21.0.1] AndroidManifest.xml:29:17-82
267            <meta-data
267-->[com.google.firebase:firebase-crashlytics:18.2.9] AndroidManifest.xml:18:13-20:85
268                android:name="com.google.firebase.components:com.google.firebase.crashlytics.CrashlyticsRegistrar"
268-->[com.google.firebase:firebase-crashlytics:18.2.9] AndroidManifest.xml:19:17-115
269                android:value="com.google.firebase.components.ComponentRegistrar" />
269-->[com.google.firebase:firebase-crashlytics:18.2.9] AndroidManifest.xml:20:17-82
270            <meta-data
270-->[com.google.android.gms:play-services-measurement-api:20.1.2] AndroidManifest.xml:31:13-33:85
271                android:name="com.google.firebase.components:com.google.firebase.analytics.connector.internal.AnalyticsConnectorRegistrar"
271-->[com.google.android.gms:play-services-measurement-api:20.1.2] AndroidManifest.xml:32:17-139
272                android:value="com.google.firebase.components.ComponentRegistrar" />
272-->[com.google.android.gms:play-services-measurement-api:20.1.2] AndroidManifest.xml:33:17-82
273            <meta-data
273-->[com.google.firebase:firebase-installations:17.0.1] AndroidManifest.xml:18:13-20:85
274                android:name="com.google.firebase.components:com.google.firebase.installations.FirebaseInstallationsRegistrar"
274-->[com.google.firebase:firebase-installations:17.0.1] AndroidManifest.xml:19:17-127
275                android:value="com.google.firebase.components.ComponentRegistrar" />
275-->[com.google.firebase:firebase-installations:17.0.1] AndroidManifest.xml:20:17-82
276            <meta-data
276-->[com.google.firebase:firebase-datatransport:18.1.3] AndroidManifest.xml:28:13-30:85
277                android:name="com.google.firebase.components:com.google.firebase.datatransport.TransportRegistrar"
277-->[com.google.firebase:firebase-datatransport:18.1.3] AndroidManifest.xml:29:17-115
278                android:value="com.google.firebase.components.ComponentRegistrar" />
278-->[com.google.firebase:firebase-datatransport:18.1.3] AndroidManifest.xml:30:17-82
279            <meta-data
279-->[com.google.firebase:firebase-common-ktx:20.1.1] AndroidManifest.xml:15:13-17:85